0 info it worked if it ends with ok
1 verbose cli [ '/home/avk/app/node-v7.7.4-linux-x64/bin/node',
1 verbose cli   '/usr/local/bin/npm',
1 verbose cli   'run',
1 verbose cli   'deploy' ]
2 info using npm@4.1.2
3 info using node@v7.7.4
4 verbose run-script [ 'predeploy', 'deploy', 'postdeploy' ]
5 info lifecycle hexo-site@0.0.0~predeploy: hexo-site@0.0.0
6 silly lifecycle hexo-site@0.0.0~predeploy: no script for predeploy, continuing
7 info lifecycle hexo-site@0.0.0~deploy: hexo-site@0.0.0
8 verbose lifecycle hexo-site@0.0.0~deploy: unsafe-perm in lifecycle true
9 verbose lifecycle hexo-site@0.0.0~deploy: PATH: /home/avk/app/node-v7.7.4-linux-x64/lib/node_modules/npm/bin/node-gyp-bin:/home/avk/Programs/avinash.com.np/hardfire.github.com/node_modules/.bin:/home/avk/.cargo/bin:/home/avk/Android/Sdk//platform-tools:/home/avk/bin:/home/avk/.local/bin:/usr/local/bin:/usr/local/bin:/home/avk/.cargo/bin:/home/avk/Android/Sdk//platform-tools:/home/avk/bin:/home/avk/.local/bin:/usr/local/sbin:/usr/local/bin:/usr/sbin:/usr/bin:/sbin:/bin:/usr/games:/usr/local/games:/snap/bin:/usr/lib/jvm/java-8-oracle/bin:/usr/lib/jvm/java-8-oracle/db/bin:/usr/lib/jvm/java-8-oracle/jre/bin:/opt/gradle/gradle-3.4.1/bin:/home/avk/app/node-v7.7.4-linux-x64/bin:/home/avk/.fzf/bin:/snap/bin:/usr/lib/jvm/java-8-oracle/bin:/usr/lib/jvm/java-8-oracle/db/bin:/usr/lib/jvm/java-8-oracle/jre/bin:/home/avk/app/node-v7.7.4-linux-x64/bin:/opt/gradle/gradle-3.4.1/bin
10 verbose lifecycle hexo-site@0.0.0~deploy: CWD: /home/avk/Programs/avinash.com.np/hardfire.github.com
11 silly lifecycle hexo-site@0.0.0~deploy: Args: [ '-c', 'hexo deploy' ]
12 silly lifecycle hexo-site@0.0.0~deploy: Returned: code: 2  signal: null
13 info lifecycle hexo-site@0.0.0~deploy: Failed to exec deploy script
14 verbose stack Error: hexo-site@0.0.0 deploy: `hexo deploy`
14 verbose stack Exit status 2
14 verbose stack     at EventEmitter.<anonymous> (/home/avk/app/node-v7.7.4-linux-x64/lib/node_modules/npm/lib/utils/lifecycle.js:279:16)
14 verbose stack     at emitTwo (events.js:106:13)
14 verbose stack     at EventEmitter.emit (events.js:194:7)
14 verbose stack     at ChildProcess.<anonymous> (/home/avk/app/node-v7.7.4-linux-x64/lib/node_modules/npm/lib/utils/spawn.js:40:14)
14 verbose stack     at emitTwo (events.js:106:13)
14 verbose stack     at ChildProcess.emit (events.js:194:7)
14 verbose stack     at maybeClose (internal/child_process.js:899:16)
14 verbose stack     at Process.ChildProcess._handle.onexit (internal/child_process.js:226:5)
15 verbose pkgid hexo-site@0.0.0
16 verbose cwd /home/avk/Programs/avinash.com.np/hardfire.github.com/source
17 error Linux 4.8.0-58-generic
18 error argv "/home/avk/app/node-v7.7.4-linux-x64/bin/node" "/usr/local/bin/npm" "run" "deploy"
19 error node v7.7.4
20 error npm  v4.1.2
21 error code ELIFECYCLE
22 error hexo-site@0.0.0 deploy: `hexo deploy`
22 error Exit status 2
23 error Failed at the hexo-site@0.0.0 deploy script 'hexo deploy'.
23 error Make sure you have the latest version of node.js and npm installed.
23 error If you do, this is most likely a problem with the hexo-site package,
23 error not with npm itself.
23 error Tell the author that this fails on your system:
23 error     hexo deploy
23 error You can get information on how to open an issue for this project with:
23 error     npm bugs hexo-site
23 error Or if that isn't available, you can get their info via:
23 error     npm owner ls hexo-site
23 error There is likely additional logging output above.
24 verbose exit [ 1, true ]
